[debug] [2024-06-09T01:01:11.759Z] ----------------------------------------------------------------------
[debug] [2024-06-09T01:01:11.762Z] Command:       /Users/Tsp33786/.nvm/versions/node/v18.14.2/bin/node /Users/Tsp33786/.nvm/versions/node/v18.14.2/bin/firebase deploy --only functions --debug
[debug] [2024-06-09T01:01:11.762Z] CLI Version:   13.11.2
[debug] [2024-06-09T01:01:11.762Z] Platform:      darwin
[debug] [2024-06-09T01:01:11.763Z] Node Version:  v18.14.2
[debug] [2024-06-09T01:01:11.764Z] Time:          Sun Jun 09 2024 10:01:11 GMT+0900 (日本標準時)
[debug] [2024-06-09T01:01:11.764Z] ----------------------------------------------------------------------
[debug] 
[debug] [2024-06-09T01:01:12.028Z] > command requires scopes: ["email","openid","https://www.googleapis.com/auth/cloudplatformprojects.readonly","https://www.googleapis.com/auth/firebase","https://www.googleapis.com/auth/cloud-platform"]
[debug] [2024-06-09T01:01:12.030Z] > authorizing via signed-in user (vasto.mar3xc@gmail.com)
[debug] [2024-06-09T01:01:12.030Z] [iam] checking project reminder-b4527 for permissions ["cloudfunctions.functions.create","cloudfunctions.functions.delete","cloudfunctions.functions.get","cloudfunctions.functions.list","cloudfunctions.functions.update","cloudfunctions.operations.get","firebase.projects.get"]
[debug] [2024-06-09T01:01:12.032Z] >>> [apiv2][query] POST https://cloudresourcemanager.googleapis.com/v1/projects/reminder-b4527:testIamPermissions [none]
[debug] [2024-06-09T01:01:12.033Z] >>> [apiv2][(partial)header] POST https://cloudresourcemanager.googleapis.com/v1/projects/reminder-b4527:testIamPermissions x-goog-quota-user=projects/reminder-b4527
[debug] [2024-06-09T01:01:12.033Z] >>> [apiv2][body] POST https://cloudresourcemanager.googleapis.com/v1/projects/reminder-b4527:testIamPermissions {"permissions":["cloudfunctions.functions.create","cloudfunctions.functions.delete","cloudfunctions.functions.get","cloudfunctions.functions.list","cloudfunctions.functions.update","cloudfunctions.operations.get","firebase.projects.get"]}
[debug] [2024-06-09T01:01:12.772Z] <<< [apiv2][status] POST https://cloudresourcemanager.googleapis.com/v1/projects/reminder-b4527:testIamPermissions 200
[debug] [2024-06-09T01:01:12.773Z] <<< [apiv2][body] POST https://cloudresourcemanager.googleapis.com/v1/projects/reminder-b4527:testIamPermissions {"permissions":["cloudfunctions.functions.create","cloudfunctions.functions.delete","cloudfunctions.functions.get","cloudfunctions.functions.list","cloudfunctions.functions.update","cloudfunctions.operations.get","firebase.projects.get"]}
[debug] [2024-06-09T01:01:12.773Z] >>> [apiv2][query] POST https://iam.googleapis.com/v1/projects/reminder-b4527/serviceAccounts/reminder-b4527@appspot.gserviceaccount.com:testIamPermissions [none]
[debug] [2024-06-09T01:01:12.773Z] >>> [apiv2][body] POST https://iam.googleapis.com/v1/projects/reminder-b4527/serviceAccounts/reminder-b4527@appspot.gserviceaccount.com:testIamPermissions {"permissions":["iam.serviceAccounts.actAs"]}
[debug] [2024-06-09T01:01:13.055Z] <<< [apiv2][status] POST https://iam.googleapis.com/v1/projects/reminder-b4527/serviceAccounts/reminder-b4527@appspot.gserviceaccount.com:testIamPermissions 200
[debug] [2024-06-09T01:01:13.056Z] <<< [apiv2][body] POST https://iam.googleapis.com/v1/projects/reminder-b4527/serviceAccounts/reminder-b4527@appspot.gserviceaccount.com:testIamPermissions {"permissions":["iam.serviceAccounts.actAs"]}
[info] 
[info] === Deploying to 'reminder-b4527'...
[info] 
[info] i  deploying functions 
[debug] [2024-06-09T01:01:13.059Z] >>> [apiv2][query] GET https://firebase.googleapis.com/v1beta1/projects/reminder-b4527 [none]
[debug] [2024-06-09T01:01:13.441Z] <<< [apiv2][status] GET https://firebase.googleapis.com/v1beta1/projects/reminder-b4527 200
[debug] [2024-06-09T01:01:13.441Z] <<< [apiv2][body] GET https://firebase.googleapis.com/v1beta1/projects/reminder-b4527 {"projectId":"reminder-b4527","projectNumber":"968555995295","displayName":"reminder","name":"projects/reminder-b4527","resources":{"hostingSite":"reminder-b4527","realtimeDatabaseInstance":"reminder-b4527-default-rtdb"},"state":"ACTIVE","etag":"1_96ed5da2-5a82-4de6-842f-bd8e2bc00a6f"}
[info] i  functions: preparing codebase default for deployment 
[info] i  functions: ensuring required API cloudfunctions.googleapis.com is enabled... 
[info] i  functions: ensuring required API cloudbuild.googleapis.com is enabled... 
[info] i  artifactregistry: ensuring required API artifactregistry.googleapis.com is enabled... 
[debug] [2024-06-09T01:01:13.444Z] >>> [apiv2][query] GET https://serviceusage.googleapis.com/v1/projects/reminder-b4527/services/cloudfunctions.googleapis.com [none]
[debug] [2024-06-09T01:01:13.444Z] >>> [apiv2][(partial)header] GET https://serviceusage.googleapis.com/v1/projects/reminder-b4527/services/cloudfunctions.googleapis.com x-goog-quota-user=projects/reminder-b4527
[debug] [2024-06-09T01:01:13.445Z] >>> [apiv2][query] GET https://serviceusage.googleapis.com/v1/projects/reminder-b4527/services/runtimeconfig.googleapis.com [none]
[debug] [2024-06-09T01:01:13.445Z] >>> [apiv2][(partial)header] GET https://serviceusage.googleapis.com/v1/projects/reminder-b4527/services/runtimeconfig.googleapis.com x-goog-quota-user=projects/reminder-b4527
[debug] [2024-06-09T01:01:13.446Z] >>> [apiv2][query] GET https://serviceusage.googleapis.com/v1/projects/reminder-b4527/services/cloudbuild.googleapis.com [none]
[debug] [2024-06-09T01:01:13.446Z] >>> [apiv2][(partial)header] GET https://serviceusage.googleapis.com/v1/projects/reminder-b4527/services/cloudbuild.googleapis.com x-goog-quota-user=projects/reminder-b4527
[debug] [2024-06-09T01:01:13.448Z] >>> [apiv2][query] GET https://serviceusage.googleapis.com/v1/projects/reminder-b4527/services/artifactregistry.googleapis.com [none]
[debug] [2024-06-09T01:01:13.448Z] >>> [apiv2][(partial)header] GET https://serviceusage.googleapis.com/v1/projects/reminder-b4527/services/artifactregistry.googleapis.com x-goog-quota-user=projects/reminder-b4527
[debug] [2024-06-09T01:01:13.854Z] <<< [apiv2][status] GET https://serviceusage.googleapis.com/v1/projects/reminder-b4527/services/cloudbuild.googleapis.com 200
[debug] [2024-06-09T01:01:13.855Z] <<< [apiv2][body] GET https://serviceusage.googleapis.com/v1/projects/reminder-b4527/services/cloudbuild.googleapis.com [omitted]
[info] ✔  functions: required API cloudbuild.googleapis.com is enabled 
[debug] [2024-06-09T01:01:13.864Z] <<< [apiv2][status] GET https://serviceusage.googleapis.com/v1/projects/reminder-b4527/services/artifactregistry.googleapis.com 200
[debug] [2024-06-09T01:01:13.864Z] <<< [apiv2][body] GET https://serviceusage.googleapis.com/v1/projects/reminder-b4527/services/artifactregistry.googleapis.com [omitted]
[info] ✔  artifactregistry: required API artifactregistry.googleapis.com is enabled 
[debug] [2024-06-09T01:01:13.908Z] <<< [apiv2][status] GET https://serviceusage.googleapis.com/v1/projects/reminder-b4527/services/cloudfunctions.googleapis.com 200
[debug] [2024-06-09T01:01:13.908Z] <<< [apiv2][body] GET https://serviceusage.googleapis.com/v1/projects/reminder-b4527/services/cloudfunctions.googleapis.com [omitted]
[info] ✔  functions: required API cloudfunctions.googleapis.com is enabled 
[debug] [2024-06-09T01:01:14.533Z] <<< [apiv2][status] GET https://serviceusage.googleapis.com/v1/projects/reminder-b4527/services/runtimeconfig.googleapis.com 200
[debug] [2024-06-09T01:01:14.533Z] <<< [apiv2][body] GET https://serviceusage.googleapis.com/v1/projects/reminder-b4527/services/runtimeconfig.googleapis.com [omitted]
[debug] [2024-06-09T01:01:14.549Z] >>> [apiv2][query] GET https://firebase.googleapis.com/v1beta1/projects/reminder-b4527/adminSdkConfig [none]
[debug] [2024-06-09T01:01:14.915Z] <<< [apiv2][status] GET https://firebase.googleapis.com/v1beta1/projects/reminder-b4527/adminSdkConfig 200
[debug] [2024-06-09T01:01:14.916Z] <<< [apiv2][body] GET https://firebase.googleapis.com/v1beta1/projects/reminder-b4527/adminSdkConfig {"projectId":"reminder-b4527","databaseURL":"https://reminder-b4527-default-rtdb.asia-southeast1.firebasedatabase.app","storageBucket":"reminder-b4527.appspot.com"}
[debug] [2024-06-09T01:01:14.916Z] >>> [apiv2][query] GET https://runtimeconfig.googleapis.com/v1beta1/projects/reminder-b4527/configs [none]
[debug] [2024-06-09T01:01:15.279Z] <<< [apiv2][status] GET https://runtimeconfig.googleapis.com/v1beta1/projects/reminder-b4527/configs 200
[debug] [2024-06-09T01:01:15.279Z] <<< [apiv2][body] GET https://runtimeconfig.googleapis.com/v1beta1/projects/reminder-b4527/configs {}
[debug] [2024-06-09T01:01:15.315Z] Validating nodejs source
[debug] [2024-06-09T01:01:25.378Z] checkFunctionsSDKVersion was unable to fetch information from NPM Error: spawnSync npm ETIMEDOUT
    at Object.spawnSync (node:internal/child_process:1110:20)
    at Object.spawnSync (node:child_process:871:24)
    at Function.spawnSync [as sync] (/Users/Tsp33786/.nvm/versions/node/v18.14.2/lib/node_modules/firebase-tools/node_modules/cross-spawn/index.js:26:23)
    at Object.getLatestSDKVersion (/Users/Tsp33786/.nvm/versions/node/v18.14.2/lib/node_modules/firebase-tools/lib/deploy/functions/runtimes/node/versioning.js:54:25)
    at Object.checkFunctionsSDKVersion (/Users/Tsp33786/.nvm/versions/node/v18.14.2/lib/node_modules/firebase-tools/lib/deploy/functions/runtimes/node/versioning.js:74:32)
    at Delegate.validate (/Users/Tsp33786/.nvm/versions/node/v18.14.2/lib/node_modules/firebase-tools/lib/deploy/functions/runtimes/node/index.js:85:20)
    at loadCodebases (/Users/Tsp33786/.nvm/versions/node/v18.14.2/lib/node_modules/firebase-tools/lib/deploy/functions/prepare.js:301:31)
    at async prepare (/Users/Tsp33786/.nvm/versions/node/v18.14.2/lib/node_modules/firebase-tools/lib/deploy/functions/prepare.js:57:24)
    at async chain (/Users/Tsp33786/.nvm/versions/node/v18.14.2/lib/node_modules/firebase-tools/lib/deploy/index.js:40:9)
    at async deploy (/Users/Tsp33786/.nvm/versions/node/v18.14.2/lib/node_modules/firebase-tools/lib/deploy/index.js:97:5)
[debug] [2024-06-09T01:01:25.379Z] > [functions] package.json contents: {
  "name": "functions",
  "description": "Cloud Functions for Firebase",
  "scripts": {
    "serve": "firebase emulators:start --only functions",
    "shell": "firebase functions:shell",
    "start": "npm run shell",
    "deploy": "firebase deploy --only functions",
    "logs": "firebase functions:log"
  },
  "engines": {
    "node": "18"
  },
  "main": "index.js",
  "dependencies": {
    "express": "^4.19.2",
    "firebase-admin": "^12.0.0",
    "firebase-functions": "^5.0.1"
  },
  "devDependencies": {
    "eslint": "^7.6.0",
    "eslint-config-google": "^0.14.0",
    "eslint-plugin-promise": "^4.2.1"
  }
}
[debug] [2024-06-09T01:01:25.380Z] Building nodejs source
[info] i  functions: Loading and analyzing source code for codebase default to determine what to deploy 
[debug] [2024-06-09T01:01:25.381Z] Could not find functions.yaml. Must use http discovery
[debug] [2024-06-09T01:01:25.396Z] Found firebase-functions binary at '/Users/Tsp33786/Desktop/trial html/MY WEB SIGHT/reminder/functions/node_modules/.bin/firebase-functions'
[info] Serving at port 8136

[error] 
[error] Error: User code failed to load. Cannot determine backend specification
